<?xml version="1.0" encoding="UTF-8"?>
<!-- Generated by org.testng.reporters.JUnitReportReporter -->
<testsuite skipped="0" hostname="BRD-PG00WC4S-L" name="tests.MasterTest" tests="2" failures="0" timestamp="02 Jun 2021 12:35:10 GMT" time="70.865" errors="0">
  <testcase name="testSmartDeposit" time="40.176" classname="tests.MasterTest"/>
  <testcase name="testSmartRetrieve" time="30.689" classname="tests.MasterTest"/>
</testsuite> <!-- tests.MasterTest -->
