<?xml version="1.0" encoding="UTF-8"?>
<!-- Generated by org.testng.reporters.JUnitReportReporter -->
<testsuite skipped="0" hostname="BRD-PG00WC4S-L" name="tests.SmartRetrievePageTest" tests="6" failures="0" timestamp="17 Jun 2021 10:04:30 GMT" time="42.035" errors="0">
  <testcase name="QuickSearch" time="6.503" classname="tests.SmartRetrievePageTest"/>
  <testcase name="AdvSearch" time="8.608" classname="tests.SmartRetrievePageTest"/>
  <testcase name="SimpleSaveSearch" time="9.727" classname="tests.SmartRetrievePageTest"/>
  <testcase name="Copysearch" time="3.746" classname="tests.SmartRetrievePageTest"/>
  <testcase name="updatesearch" time="6.982" classname="tests.SmartRetrievePageTest"/>
  <testcase name="deletesearch" time="6.469" classname="tests.SmartRetrievePageTest"/>
</testsuite> <!-- tests.SmartRetrievePageTest -->
