<?xml version="1.0" encoding="UTF-8"?>
<!-- Generated by org.testng.reporters.JUnitReportReporter -->
<testsuite skipped="0" hostname="BRD-PG00WC4S-L" name="tests.SDPageTest" tests="1" failures="0" timestamp="24 Dec 2018 12:48:28 GMT" time="24.484" errors="0">
  <testcase name="searchDocuments" time="24.484" classname="tests.SDPageTest"/>
</testsuite> <!-- tests.SDPageTest -->
