<?xml version="1.0" encoding="UTF-8"?>
<!-- Generated by org.testng.reporters.JUnitReportReporter -->
<testsuite skipped="0" hostname="BRD-PG00WC4S-L" name="tests.DepositAutoITtest" tests="2" failures="0" timestamp="17 Jun 2021 10:04:30 GMT" time="30.024" errors="0">
  <testcase name="depositDoc" time="15.055" classname="tests.DepositAutoITtest"/>
  <testcase name="depositMultiDoc" time="14.969" classname="tests.DepositAutoITtest"/>
</testsuite> <!-- tests.DepositAutoITtest -->
